<?xml version="1.0" encoding="UTF-8"?>
<testng-results ignored="0" total="2" passed="2" failed="0" skipped="0">
  <reporter-output>
  </reporter-output>
  <suite started-at="2025-03-06T17:27:15 IST" name="Default suite" finished-at="2025-03-06T17:27:15 IST" duration-ms="89">
    <groups>
    </groups>
    <test started-at="2025-03-06T17:27:15 IST" name="Default test" finished-at="2025-03-06T17:27:15 IST" duration-ms="89">
      <class name="Practice1.ContactTest">
        <test-method signature="createcontactTest()[pri:0, instance:Practice1.ContactTest@543588e6]" started-at="2025-03-06T17:27:15 IST" name="createcontactTest" finished-at="2025-03-06T17:27:15 IST" duration-ms="11" status="PASS">
          <reporter-output>
          </reporter-output>
        </test-method> <!-- createcontactTest -->
        <test-method signature="modifycontactTest()[pri:0, instance:Practice1.ContactTest@543588e6]" started-at="2025-03-06T17:27:15 IST" name="modifycontactTest" finished-at="2025-03-06T17:27:15 IST" duration-ms="2" status="PASS">
          <reporter-output>
          </reporter-output>
        </test-method> <!-- modifycontactTest -->
      </class> <!-- Practice1.ContactTest -->
    </test> <!-- Default test -->
  </suite> <!-- Default suite -->
</testng-results>
